<?xml version="1.0" encoding="UTF-8"?>
<testng-results skipped="0" failed="0" total="1" passed="1">
  <reporter-output>
  </reporter-output>
  <suite name="Suite" duration-ms="491" started-at="2016-11-01T08:20:00Z" finished-at="2016-11-01T08:20:00Z">
    <groups>
    </groups>
    <test name="Test" duration-ms="491" started-at="2016-11-01T08:20:00Z" finished-at="2016-11-01T08:20:00Z">
      <class name="com.inmind.utils.NewTest">
        <test-method status="PASS" signature="testByExcel_Body(com.inmind.utils.CaseInfo)[pri:0, instance:com.inmind.utils.NewTest@5c3bd550]" name="testByExcel_Body" duration-ms="7" started-at="2016-11-01T16:20:00Z" data-provider="dataInfo" finished-at="2016-11-01T16:20:00Z">
          <params>
            <param index="0">
              <value>
                <![CDATA[com.inmind.utils.CaseInfo@55b699ef]]>
              </value>
            </param>
          </params>
          <reporter-output>
          </reporter-output>
        </test-method> <!-- testByExcel_Body -->
      </class> <!-- com.inmind.utils.NewTest -->
    </test> <!-- Test -->
  </suite> <!-- Suite -->
</testng-results>
